<?xml version="1.0" encoding="UTF-8"?>
<testsuite name="agh.ics.oop.AbstractWorldMapTest" tests="2" skipped="0" failures="0" errors="0" timestamp="2022-12-05T11:23:18" hostname="DESKTOP-QG9OI0O" time="0.034">
  <properties/>
  <testcase name="_isOccuppied_place()" classname="agh.ics.oop.AbstractWorldMapTest" time="0.031"/>
  <testcase name="_positionChanged()" classname="agh.ics.oop.AbstractWorldMapTest" time="0.003"/>
  <system-out><![CDATA[]]></system-out>
  <system-err><![CDATA[]]></system-err>
</testsuite>
