<?xml version="1.0" encoding="UTF-8"?>
<testsuite name="agh.ics.oop.GrassFieldTest" tests="2" skipped="0" failures="0" errors="0" timestamp="2022-12-05T11:23:18" hostname="DESKTOP-QG9OI0O" time="0.042">
  <properties/>
  <testcase name="_canMoveTo()" classname="agh.ics.oop.GrassFieldTest" time="0.013"/>
  <testcase name="_GrassField()" classname="agh.ics.oop.GrassFieldTest" time="0.028"/>
  <system-out><![CDATA[ y\x  2 3 4 5 6 7 8 9
 10: -----------------
  9: | |*| | | | | | |
  8: | | | | |*| |*| |
  7: |*| | |*| | | | |
  6: | | | | | | | | |
  5: |*| | | | | | | |
  4: | | | | | | | |*|
  3: | | | | | | | | |
  2: | | | | |*| | | |
  1: | | | | | | | | |
  0: | |*| |*| | | | |
 -1: -----------------

 y\x  0 1 2 3 4 5 6 7 8 91011
 12: -------------------------
 11: |*| | | | | | | | | | | |
 10: | | | | |*| | | | | | |*|
  9: | | | | | | |*| | | | | |
  8: | | | | |*| | |*| | | | |
  7: | | | | | | | | | | | | |
  6: | | | | | | | | | | |*| |
  5: | | | | |*|*| | | | | | |
  4: |*|*| | | | | | | |*| | |
  3: | | | | | | | | | | | | |
  2: | | | | | | |*| |*| | | |
  1: | | | | | |*| | | | | | |
  0: -------------------------

 y\x  0 1 2 3 4 5 6 7 8 910111213
 14: -----------------------------
 13: | | | | |*| |*| | | | |*| | |
 12: |*| | | | | | | | | |*| | | |
 11: | | | | | | | | | | | | | | |
 10: |*| | | | | | |*| | | |*| | |
  9: | | | | | | | | |*| |*| | |*|
  8: | | | | | | | |*| | | | |*| |
  7: | | | | | | | | | | | | | | |
  6: | | | | | | | | | | | | | | |
  5: | | | | |*| | | | |*| | | | |
  4: | | | | | | | | | | | | | | |
  3: |*| | | | | | | | | | | | | |
  2: | | |*|*| | | |*| | |*| | | |
  1: -----------------------------

 y\x  0 1 2 3 4 5 6 7 8 910111213141516171819
 20: -----------------------------------------
 19: | | |*| | | | |*| | | | | | | | | | | | |
 18: | | | | | | | | |*| | | | | | | | | | |*|
 17: | | | |*| | | | | | |*| |*| | | | | | | |
 16: | | | | | | | | | | | | | |*|*| | | | | |
 15: | | | | |*|*| | | | | | | | | | |*| | | |
 14: |*| | | |*| | |*| | | | | | | | | | | | |
 13: | | | |*| | | | | | | | | | | | | | | | |
 12: | | | | | | | | | | |*|*| | | | | | | |*|
 11: | |*| | |*| | | | | | | | | | | | | | | |
 10: | |*| | | | |*| | | | | | | | | | | | | |
  9: | | | | | | | | | | | | | | | | | | | | |
  8: |*| | | | | |*| | | | | | | | | | | | | |
  7: | | | | | | | | | |*| | | | | | | | | | |
  6: | | | | | | | | | | | | | | | | | | | | |
  5: |*| | | | | | | |*|*| | | | | | | |*| | |
  4: | | | | |*|*| | | |*| | | | | | | | |*| |
  3: |*| | | | | | | | | | | |*| |*|*| | | | |
  2: | | | | | | | |*| | | |*|*| | | |*|*|*| |
  1: -----------------------------------------

]]></system-out>
  <system-err><![CDATA[]]></system-err>
</testsuite>
