<?xml version="1.0" encoding="UTF-8"?>
<testsuite name="agh.ics.oop.AnimalTest" tests="2" skipped="0" failures="0" errors="0" timestamp="2022-12-05T11:23:18" hostname="DESKTOP-QG9OI0O" time="0.006">
  <properties/>
  <testcase name="_move()" classname="agh.ics.oop.AnimalTest" time="0.004"/>
  <testcase name="_addObserver_removeObserver_informObservers()" classname="agh.ics.oop.AnimalTest" time="0.001"/>
  <system-out><![CDATA[]]></system-out>
  <system-err><![CDATA[]]></system-err>
</testsuite>
